<?xml version="1.0" encoding="UTF-8"?>
<!-- Generated by org.testng.reporters.JUnitXMLReporter -->
<testsuite ignored="0" hostname="pragna" failures="0" tests="3" name="TestNGAssignment" time="21.464" errors="0" timestamp="2023-05-20T22:36:24 CDT">
  <testcase classname="testNGAssignments.TestNGAssignment1" name="verifyTitle" time="6.678"/>
  <testcase classname="testNGAssignments.TestNGAssignment1" name="loginInvalid" time="2.637"/>
  <testcase classname="testNGAssignments.TestNGAssignment1" name="loginLogout" time="12.095"/>
</testsuite> <!-- TestNGAssignment -->
