<?xml version="1.0" encoding="UTF-8"?>
<!-- Generated by org.testng.reporters.JUnitXMLReporter -->
<testsuite ignored="0" hostname="pragna" failures="0" tests="8" name="ParallelExecution" time="0.047" errors="0" timestamp="2023-06-09T16:46:40 CDT">
  <testcase classname="class45_cross_parallelExecution.ParallelTest" name="addCourse" time="0.006"/>
  <testcase classname="class45_cross_parallelExecution.ParallelTest2" name="checkLinks" time="0.006"/>
  <testcase classname="class45_cross_parallelExecution.ParallelTest" name="deleteCourse" time="0.001"/>
  <testcase classname="class45_cross_parallelExecution.ParallelTest2" name="checkSocialMediaCount" time="0.002"/>
  <testcase classname="class45_cross_parallelExecution.ParallelTest" name="loginApplication" time="0.002"/>
  <testcase classname="class45_cross_parallelExecution.ParallelTest2" name="checkTitle" time="0.001"/>
  <testcase classname="class45_cross_parallelExecution.ParallelTest" name="logoutfromApplication" time="0.001"/>
  <testcase classname="class45_cross_parallelExecution.ParallelTest2" name="checkURL" time="0.002"/>
</testsuite> <!-- ParallelExecution -->
